<?xml version="1.0" encoding="UTF-8"?>
<!-- Generated by org.testng.reporters.JUnitReportReporter -->
<testsuite skipped="0" hostname="LAPTOP-67VLOGN6" name="com.testcases.MethodAndClass_AnnotationDemo" tests="2" failures="0" timestamp="16 Jan 2018 02:16:21 GMT" time="0.006" errors="0">
  <testcase name="testMethod1" time="0.005" classname="com.testcases.MethodAndClass_AnnotationDemo"/>
  <testcase name="testMethod2" time="0.001" classname="com.testcases.MethodAndClass_AnnotationDemo"/>
</testsuite> <!-- com.testcases.MethodAndClass_AnnotationDemo -->
