<?xml version="1.0" encoding="UTF-8"?>
<!-- Generated by org.testng.reporters.JUnitReportReporter -->
<testsuite skipped="0" hostname="LAPTOP-67VLOGN6" name="com.testcases.DataProvidersDemo" tests="3" failures="0" timestamp="31 Jan 2018 00:00:20 GMT" time="0.017" errors="0">
  <testcase name="testMethod1" time="0.003" classname="com.testcases.DataProvidersDemo"/>
  <testcase name="testMethod1" time="0.010" classname="com.testcases.DataProvidersDemo"/>
  <testcase name="testMethod1" time="0.004" classname="com.testcases.DataProvidersDemo"/>
</testsuite> <!-- com.testcases.DataProvidersDemo -->
