<?xml version="1.0" encoding="UTF-8"?>
<!-- Generated by org.testng.reporters.JUnitReportReporter -->
<testsuite skipped="0" hostname="LAPTOP-67VLOGN6" name="com.testcases.GroupingTestMethodsDemo" tests="4" failures="0" timestamp="17 Jan 2018 01:59:25 GMT" time="0.010" errors="0">
  <testcase name="testHondaCBR" time="0.001" classname="com.testcases.GroupingTestMethodsDemo"/>
  <testcase name="testAudiA6" time="0.003" classname="com.testcases.GroupingTestMethodsDemo"/>
  <testcase name="testBMWX6" time="0.003" classname="com.testcases.GroupingTestMethodsDemo"/>
  <testcase name="testNinja" time="0.003" classname="com.testcases.GroupingTestMethodsDemo"/>
</testsuite> <!-- com.testcases.GroupingTestMethodsDemo -->
