<?xml version="1.0" encoding="UTF-8"?>
<!-- Generated by org.testng.reporters.JUnitReportReporter -->
<testsuite skipped="0" hostname="LAPTOP-67VLOGN6" name="com.excersices.ParameterAndParallelPractise" tests="2" failures="0" timestamp="30 Jan 2018 04:57:02 GMT" time="14.535" errors="0">
  <testcase name="testLogin" time="7.188" classname="com.excersices.ParameterAndParallelPractise"/>
  <testcase name="testLogin" time="7.347" classname="com.excersices.ParameterAndParallelPractise"/>
</testsuite> <!-- com.excersices.ParameterAndParallelPractise -->
