<?xml version="1.0" encoding="UTF-8"?>
<!-- Generated by org.testng.reporters.JUnitReportReporter -->
<testsuite skipped="0" hostname="LAPTOP-67VLOGN6" name="com.testcases.TestClass1_SuiteDemo" tests="2" failures="0" timestamp="16 Jan 2018 02:24:15 GMT" time="0.005" errors="0">
  <testcase name="testMethod1" time="0.005" classname="com.testcases.TestClass1_SuiteDemo"/>
  <testcase name="testMethod2" time="0.000" classname="com.testcases.TestClass1_SuiteDemo"/>
</testsuite> <!-- com.testcases.TestClass1_SuiteDemo -->
