<?xml version="1.0" encoding="UTF-8"?>
<!-- Generated by org.testng.reporters.JUnitReportReporter -->
<testsuite skipped="0" hostname="LAPTOP-67VLOGN6" name="com.testcases.ParallelClass1" tests="2" failures="0" timestamp="30 Jan 2018 03:02:24 GMT" time="12.034" errors="0">
  <testcase name="testMethod1" time="6.017" classname="com.testcases.ParallelClass1"/>
  <testcase name="testMethod2" time="6.017" classname="com.testcases.ParallelClass1"/>
</testsuite> <!-- com.testcases.ParallelClass1 -->
