<?xml version="1.0" encoding="UTF-8"?>
<!-- Generated by org.testng.reporters.JUnitReportReporter -->
<testsuite skipped="0" hostname="LAPTOP-67VLOGN6" name="com.database.DatabaseTestingDemo" tests="1" failures="0" timestamp="23 Mar 2018 04:53:40 GMT" time="0.004" errors="0">
  <testcase name="test" time="0.004" classname="com.database.DatabaseTestingDemo"/>
</testsuite> <!-- com.database.DatabaseTestingDemo -->
