<?xml version="1.0" encoding="UTF-8"?>
<!-- Generated by org.testng.reporters.JUnitReportReporter -->
<testsuite skipped="0" hostname="LAPTOP-67VLOGN6" name="com.testcases.ParametersDemo" tests="1" failures="0" timestamp="30 Jan 2018 02:56:07 GMT" time="0.004" errors="0">
  <testcase name="testMethod1" time="0.004" classname="com.testcases.ParametersDemo"/>
</testsuite> <!-- com.testcases.ParametersDemo -->
