<?xml version="1.0" encoding="UTF-8"?>
<!-- Generated by org.testng.reporters.JUnitReportReporter -->
<testsuite skipped="0" hostname="LAPTOP-67VLOGN6" name="com.extentreports.LoginTest_POmodel" tests="1" failures="0" timestamp="11 Feb 2018 12:47:30 GMT" time="5.616" errors="0">
  <testcase name="test1_validLoginTest" time="5.616" classname="com.extentreports.LoginTest_POmodel"/>
</testsuite> <!-- com.extentreports.LoginTest_POmodel -->
