<?xml version="1.0" encoding="UTF-8"?>
<!-- Generated by org.testng.reporters.JUnitReportReporter -->
<testsuite skipped="0" hostname="LAPTOP-67VLOGN6" name="com.testcases.AnnotationsDemo" tests="3" failures="0" timestamp="15 Jan 2018 03:47:28 GMT" time="0.032" errors="0">
  <testcase name="testMethod2" time="0.016" classname="com.testcases.AnnotationsDemo"/>
  <testcase name="testMethod1" time="0.016" classname="com.testcases.AnnotationsDemo"/>
  <testcase name="testMethod3" time="0.000" classname="com.testcases.AnnotationsDemo"/>
</testsuite> <!-- com.testcases.AnnotationsDemo -->
