<?xml version="1.0" encoding="UTF-8"?>
<!-- Generated by org.testng.reporters.JUnitReportReporter -->
<testsuite skipped="0" hostname="LAPTOP-67VLOGN6" name="com.testcases.PrioritizingTestMethodsDemo" tests="3" failures="0" timestamp="17 Jan 2018 01:41:38 GMT" time="0.005" errors="0">
  <testcase name="testMethod3" time="0.003" classname="com.testcases.PrioritizingTestMethodsDemo"/>
  <testcase name="testMethod2" time="0.001" classname="com.testcases.PrioritizingTestMethodsDemo"/>
  <testcase name="testMethod1" time="0.001" classname="com.testcases.PrioritizingTestMethodsDemo"/>
</testsuite> <!-- com.testcases.PrioritizingTestMethodsDemo -->
