<?xml version="1.0" encoding="UTF-8"?>
<!-- Generated by org.testng.reporters.JUnitReportReporter -->
<testsuite skipped="0" hostname="LAPTOP-67VLOGN6" name="com.testcases.PreserveClass1" tests="2" failures="0" timestamp="18 Jan 2018 03:23:46 GMT" time="0.009" errors="0">
  <testcase name="testMethod2" time="0.002" classname="com.testcases.PreserveClass1"/>
  <testcase name="testMethod1" time="0.007" classname="com.testcases.PreserveClass1"/>
</testsuite> <!-- com.testcases.PreserveClass1 -->
