<?xml version="1.0" encoding="UTF-8"?>
<!-- Generated by org.testng.reporters.JUnitReportReporter -->
<testsuite skipped="1" hostname="LAPTOP-67VLOGN6" name="com.testcases.Enabled_TimeoutDemo" tests="2" failures="0" timestamp="18 Jan 2018 03:14:35 GMT" time="0.066" errors="0">
  <testcase name="testMethod2" time="0.066" classname="com.testcases.Enabled_TimeoutDemo"/>
  <testcase name="testMethod1" classname="com.testcases.Enabled_TimeoutDemo">
    <skipped/>
  </testcase> <!-- testMethod1 -->
</testsuite> <!-- com.testcases.Enabled_TimeoutDemo -->
