<?xml version="1.0" encoding="UTF-8"?>
<!-- Generated by org.testng.reporters.JUnitReportReporter -->
<testsuite skipped="0" hostname="LAPTOP-67VLOGN6" name="com.extentreports.Test2" tests="1" failures="0" timestamp="11 Feb 2018 12:28:07 GMT" time="0.002" errors="0">
  <testcase name="testMethod" time="0.002" classname="com.extentreports.Test2"/>
</testsuite> <!-- com.extentreports.Test2 -->
