<?xml version="1.0" encoding="UTF-8"?>
<!-- Generated by org.testng.reporters.JUnitReportReporter -->
<testsuite skipped="0" hostname="LAPTOP-67VLOGN6" name="com.testcases.GroupingTestMethodsDemo1" tests="2" failures="0" timestamp="17 Jan 2018 01:58:09 GMT" time="0.009" errors="0">
  <testcase name="testHondaCBR" time="0.008" classname="com.testcases.GroupingTestMethodsDemo1"/>
  <testcase name="testNinja" time="0.001" classname="com.testcases.GroupingTestMethodsDemo1"/>
</testsuite> <!-- com.testcases.GroupingTestMethodsDemo1 -->
